2022-07-26 22:45:32.775 [main] INFO  com.ayu.austin.AustinApplication - Starting AustinApplication using Java 1.8.0_221 on aYuLaptop with PID 13256 (D:\austin-ayu\austin-web\target\classes started by aYu in D:\austin-ayu)
2022-07-26 22:45:32.778 [main] INFO  com.ayu.austin.AustinApplication - No active profile set, falling back to default profiles: default
2022-07-26 22:45:33.591 [main] INFO  o.s.boot.web.embedded.tomcat.TomcatWebServer - Tomcat initialized with port(s): 8080 (http)
2022-07-26 22:45:33.602 [main] INFO  org.apache.coyote.http11.Http11NioProtocol - Initializing ProtocolHandler ["http-nio-8080"]
2022-07-26 22:45:33.602 [main] INFO  org.apache.catalina.core.StandardService - Starting service [Tomcat]
2022-07-26 22:45:33.602 [main] INFO  org.apache.catalina.core.StandardEngine - Starting Servlet engine: [Apache Tomcat/9.0.54]
2022-07-26 22:45:33.604 [main] INFO  org.apache.catalina.core.AprLifecycleListener - An older version [1.2.16] of the Apache Tomcat Native library is installed, while Tomcat recommends a minimum version of [1.2.30]
2022-07-26 22:45:33.604 [main] INFO  org.apache.catalina.core.AprLifecycleListener - Loaded Apache Tomcat Native library [1.2.16] using APR version [1.6.3].
2022-07-26 22:45:33.604 [main] INFO  org.apache.catalina.core.AprLifecycleListener - APR capabilities: IPv6 [true], sendfile [true], accept filters [false], random [true], UDS [false].
2022-07-26 22:45:33.604 [main] INFO  org.apache.catalina.core.AprLifecycleListener - APR/OpenSSL configuration: useAprConnector [false], useOpenSSL [true]
2022-07-26 22:45:34.651 [main] INFO  org.apache.catalina.core.AprLifecycleListener - OpenSSL successfully initialized [OpenSSL 1.0.2m  2 Nov 2017]
2022-07-26 22:45:34.731 [main] INFO  o.a.c.core.ContainerBase.[Tomcat].[localhost].[/] - Initializing Spring embedded WebApplicationContext
2022-07-26 22:45:34.732 [main] INFO  o.s.b.w.s.c.ServletWebServerApplicationContext - Root WebApplicationContext: initialization completed in 1898 ms
2022-07-26 22:45:35.725 [main] INFO  org.apache.coyote.http11.Http11NioProtocol - Starting ProtocolHandler ["http-nio-8080"]
2022-07-26 22:45:35.739 [main] INFO  o.s.boot.web.embedded.tomcat.TomcatWebServer - Tomcat started on port(s): 8080 (http) with context path ''
2022-07-26 22:45:35.748 [main] INFO  com.ayu.austin.AustinApplication - Started AustinApplication in 3.452 seconds (JVM running for 4.353)
2022-07-26 22:45:39.240 [http-nio-8080-exec-2] INFO  o.a.c.core.ContainerBase.[Tomcat].[localhost].[/] - Initializing Spring DispatcherServlet 'dispatcherServlet'
2022-07-26 22:45:39.241 [http-nio-8080-exec-2] INFO  org.springframework.web.servlet.DispatcherServlet - Initializing Servlet 'dispatcherServlet'
2022-07-26 22:45:39.241 [http-nio-8080-exec-2] INFO  org.springframework.web.servlet.DispatcherServlet - Completed initialization in 0 ms
2022-07-26 22:58:12.063 [main] INFO  com.ayu.austin.AustinApplication - Starting AustinApplication using Java 1.8.0_221 on aYuLaptop with PID 15432 (D:\austin-ayu\austin-web\target\classes started by aYu in D:\austin-ayu)
2022-07-26 22:58:12.082 [main] INFO  com.ayu.austin.AustinApplication - No active profile set, falling back to default profiles: default
2022-07-26 22:58:13.139 [main] INFO  o.s.boot.web.embedded.tomcat.TomcatWebServer - Tomcat initialized with port(s): 8080 (http)
2022-07-26 22:58:13.147 [main] INFO  org.apache.coyote.http11.Http11NioProtocol - Initializing ProtocolHandler ["http-nio-8080"]
2022-07-26 22:58:13.148 [main] INFO  org.apache.catalina.core.StandardService - Starting service [Tomcat]
2022-07-26 22:58:13.148 [main] INFO  org.apache.catalina.core.StandardEngine - Starting Servlet engine: [Apache Tomcat/9.0.54]
2022-07-26 22:58:13.150 [main] INFO  org.apache.catalina.core.AprLifecycleListener - An older version [1.2.16] of the Apache Tomcat Native library is installed, while Tomcat recommends a minimum version of [1.2.30]
2022-07-26 22:58:13.150 [main] INFO  org.apache.catalina.core.AprLifecycleListener - Loaded Apache Tomcat Native library [1.2.16] using APR version [1.6.3].
2022-07-26 22:58:13.150 [main] INFO  org.apache.catalina.core.AprLifecycleListener - APR capabilities: IPv6 [true], sendfile [true], accept filters [false], random [true], UDS [false].
2022-07-26 22:58:13.150 [main] INFO  org.apache.catalina.core.AprLifecycleListener - APR/OpenSSL configuration: useAprConnector [false], useOpenSSL [true]
2022-07-26 22:58:14.200 [main] INFO  org.apache.catalina.core.AprLifecycleListener - OpenSSL successfully initialized [OpenSSL 1.0.2m  2 Nov 2017]
2022-07-26 22:58:14.260 [main] INFO  o.a.c.core.ContainerBase.[Tomcat].[localhost].[/] - Initializing Spring embedded WebApplicationContext
2022-07-26 22:58:14.261 [main] INFO  o.s.b.w.s.c.ServletWebServerApplicationContext - Root WebApplicationContext: initialization completed in 2038 ms
2022-07-26 22:58:15.097 [main] INFO  org.apache.coyote.http11.Http11NioProtocol - Starting ProtocolHandler ["http-nio-8080"]
2022-07-26 22:58:15.112 [main] INFO  o.s.boot.web.embedded.tomcat.TomcatWebServer - Tomcat started on port(s): 8080 (http) with context path ''
2022-07-26 22:58:15.119 [main] INFO  com.ayu.austin.AustinApplication - Started AustinApplication in 3.653 seconds (JVM running for 4.836)
2022-07-26 22:59:12.021 [http-nio-8080-exec-2] INFO  o.a.c.core.ContainerBase.[Tomcat].[localhost].[/] - Initializing Spring DispatcherServlet 'dispatcherServlet'
2022-07-26 22:59:12.021 [http-nio-8080-exec-2] INFO  org.springframework.web.servlet.DispatcherServlet - Initializing Servlet 'dispatcherServlet'
2022-07-26 22:59:12.022 [http-nio-8080-exec-2] INFO  org.springframework.web.servlet.DispatcherServlet - Completed initialization in 1 ms
