2022-07-27 15:50:53.872 [main] INFO  com.ayu.austin.AustinApplication - Starting AustinApplication using Java 1.8.0_221 on aYuLaptop with PID 11152 (D:\austin-ayu\austin-web\target\classes started by aYu in D:\austin-ayu)
2022-07-27 15:50:53.878 [main] INFO  com.ayu.austin.AustinApplication - No active profile set, falling back to default profiles: default
2022-07-27 15:50:54.618 [main] INFO  o.s.d.r.config.RepositoryConfigurationDelegate - Bootstrapping Spring Data JPA repositories in DEFAULT mode.
2022-07-27 15:50:54.671 [main] INFO  o.s.d.r.config.RepositoryConfigurationDelegate - Finished Spring Data repository scanning in 43 ms. Found 2 JPA repository interfaces.
2022-07-27 15:50:55.203 [main] INFO  o.s.boot.web.embedded.tomcat.TomcatWebServer - Tomcat initialized with port(s): 8080 (http)
2022-07-27 15:50:55.214 [main] INFO  org.apache.coyote.http11.Http11NioProtocol - Initializing ProtocolHandler ["http-nio-8080"]
2022-07-27 15:50:55.214 [main] INFO  org.apache.catalina.core.StandardService - Starting service [Tomcat]
2022-07-27 15:50:55.215 [main] INFO  org.apache.catalina.core.StandardEngine - Starting Servlet engine: [Apache Tomcat/9.0.54]
2022-07-27 15:50:55.217 [main] INFO  org.apache.catalina.core.AprLifecycleListener - An older version [1.2.16] of the Apache Tomcat Native library is installed, while Tomcat recommends a minimum version of [1.2.30]
2022-07-27 15:50:55.217 [main] INFO  org.apache.catalina.core.AprLifecycleListener - Loaded Apache Tomcat Native library [1.2.16] using APR version [1.6.3].
2022-07-27 15:50:55.217 [main] INFO  org.apache.catalina.core.AprLifecycleListener - APR capabilities: IPv6 [true], sendfile [true], accept filters [false], random [true], UDS [false].
2022-07-27 15:50:55.217 [main] INFO  org.apache.catalina.core.AprLifecycleListener - APR/OpenSSL configuration: useAprConnector [false], useOpenSSL [true]
2022-07-27 15:50:56.291 [main] INFO  org.apache.catalina.core.AprLifecycleListener - OpenSSL successfully initialized [OpenSSL 1.0.2m  2 Nov 2017]
2022-07-27 15:50:56.389 [main] INFO  o.a.c.core.ContainerBase.[Tomcat].[localhost].[/] - Initializing Spring embedded WebApplicationContext
2022-07-27 15:50:56.389 [main] INFO  o.s.b.w.s.c.ServletWebServerApplicationContext - Root WebApplicationContext: initialization completed in 2445 ms
2022-07-27 15:50:56.540 [main] INFO  com.zaxxer.hikari.HikariDataSource - DataSourceHikariCP - Starting...
2022-07-27 15:50:56.736 [main] INFO  com.zaxxer.hikari.HikariDataSource - DataSourceHikariCP - Start completed.
2022-07-27 15:50:56.802 [main] INFO  org.hibernate.jpa.internal.util.LogHelper - HHH000204: Processing PersistenceUnitInfo [name: default]
2022-07-27 15:50:56.928 [main] INFO  org.hibernate.Version - HHH000412: Hibernate ORM core version 5.4.32.Final
2022-07-27 15:50:57.103 [main] INFO  org.hibernate.annotations.common.Version - HCANN000001: Hibernate Commons Annotations {5.1.2.Final}
2022-07-27 15:50:57.284 [main] INFO  org.hibernate.dialect.Dialect - HHH000400: Using dialect: org.hibernate.dialect.MySQL57Dialect
2022-07-27 15:50:58.009 [main] INFO  o.h.e.t.jta.platform.internal.JtaPlatformInitiator - HHH000490: Using JtaPlatform implementation: [org.hibernate.engine.transaction.jta.platform.internal.NoJtaPlatform]
2022-07-27 15:50:58.021 [main] INFO  o.s.orm.jpa.LocalContainerEntityManagerFactoryBean - Initialized JPA EntityManagerFactory for persistence unit 'default'
2022-07-27 15:50:59.093 [main] INFO  o.s.orm.jpa.LocalContainerEntityManagerFactoryBean - Closing JPA EntityManagerFactory for persistence unit 'default'
2022-07-27 15:50:59.095 [main] INFO  com.zaxxer.hikari.HikariDataSource - DataSourceHikariCP - Shutdown initiated...
2022-07-27 15:50:59.100 [main] INFO  com.zaxxer.hikari.HikariDataSource - DataSourceHikariCP - Shutdown completed.
2022-07-27 15:50:59.101 [main] INFO  org.apache.catalina.core.StandardService - Stopping service [Tomcat]
2022-07-27 15:50:59.111 [main] INFO  o.s.b.a.l.ConditionEvaluationReportLoggingListener - 

Error starting ApplicationContext. To display the conditions report re-run your application with 'debug' enabled.
2022-07-27 15:52:39.060 [main] INFO  com.ayu.austin.AustinApplication - Starting AustinApplication using Java 1.8.0_221 on aYuLaptop with PID 16528 (D:\austin-ayu\austin-web\target\classes started by aYu in D:\austin-ayu)
2022-07-27 15:52:39.063 [main] INFO  com.ayu.austin.AustinApplication - No active profile set, falling back to default profiles: default
2022-07-27 15:52:39.685 [main] INFO  o.s.d.r.config.RepositoryConfigurationDelegate - Bootstrapping Spring Data JPA repositories in DEFAULT mode.
2022-07-27 15:52:39.728 [main] INFO  o.s.d.r.config.RepositoryConfigurationDelegate - Finished Spring Data repository scanning in 35 ms. Found 2 JPA repository interfaces.
2022-07-27 15:52:40.140 [main] INFO  o.s.boot.web.embedded.tomcat.TomcatWebServer - Tomcat initialized with port(s): 8080 (http)
2022-07-27 15:52:40.148 [main] INFO  org.apache.coyote.http11.Http11NioProtocol - Initializing ProtocolHandler ["http-nio-8080"]
2022-07-27 15:52:40.148 [main] INFO  org.apache.catalina.core.StandardService - Starting service [Tomcat]
2022-07-27 15:52:40.148 [main] INFO  org.apache.catalina.core.StandardEngine - Starting Servlet engine: [Apache Tomcat/9.0.54]
2022-07-27 15:52:40.150 [main] INFO  org.apache.catalina.core.AprLifecycleListener - An older version [1.2.16] of the Apache Tomcat Native library is installed, while Tomcat recommends a minimum version of [1.2.30]
2022-07-27 15:52:40.150 [main] INFO  org.apache.catalina.core.AprLifecycleListener - Loaded Apache Tomcat Native library [1.2.16] using APR version [1.6.3].
2022-07-27 15:52:40.150 [main] INFO  org.apache.catalina.core.AprLifecycleListener - APR capabilities: IPv6 [true], sendfile [true], accept filters [false], random [true], UDS [false].
2022-07-27 15:52:40.150 [main] INFO  org.apache.catalina.core.AprLifecycleListener - APR/OpenSSL configuration: useAprConnector [false], useOpenSSL [true]
2022-07-27 15:52:41.185 [main] INFO  org.apache.catalina.core.AprLifecycleListener - OpenSSL successfully initialized [OpenSSL 1.0.2m  2 Nov 2017]
2022-07-27 15:52:41.259 [main] INFO  o.a.c.core.ContainerBase.[Tomcat].[localhost].[/] - Initializing Spring embedded WebApplicationContext
2022-07-27 15:52:41.260 [main] INFO  o.s.b.w.s.c.ServletWebServerApplicationContext - Root WebApplicationContext: initialization completed in 2145 ms
2022-07-27 15:52:41.376 [main] INFO  com.zaxxer.hikari.HikariDataSource - DataSourceHikariCP - Starting...
2022-07-27 15:52:41.521 [main] INFO  com.zaxxer.hikari.HikariDataSource - DataSourceHikariCP - Start completed.
2022-07-27 15:52:41.567 [main] INFO  org.hibernate.jpa.internal.util.LogHelper - HHH000204: Processing PersistenceUnitInfo [name: default]
2022-07-27 15:52:41.642 [main] INFO  org.hibernate.Version - HHH000412: Hibernate ORM core version 5.4.32.Final
2022-07-27 15:52:41.741 [main] INFO  org.hibernate.annotations.common.Version - HCANN000001: Hibernate Commons Annotations {5.1.2.Final}
2022-07-27 15:52:41.838 [main] INFO  org.hibernate.dialect.Dialect - HHH000400: Using dialect: org.hibernate.dialect.MySQL57Dialect
2022-07-27 15:52:42.288 [main] INFO  o.h.e.t.jta.platform.internal.JtaPlatformInitiator - HHH000490: Using JtaPlatform implementation: [org.hibernate.engine.transaction.jta.platform.internal.NoJtaPlatform]
2022-07-27 15:52:42.297 [main] INFO  o.s.orm.jpa.LocalContainerEntityManagerFactoryBean - Initialized JPA EntityManagerFactory for persistence unit 'default'
2022-07-27 15:52:43.274 [main] INFO  org.apache.coyote.http11.Http11NioProtocol - Starting ProtocolHandler ["http-nio-8080"]
2022-07-27 15:52:43.290 [main] INFO  o.s.boot.web.embedded.tomcat.TomcatWebServer - Tomcat started on port(s): 8080 (http) with context path ''
2022-07-27 15:52:43.297 [main] INFO  com.ayu.austin.AustinApplication - Started AustinApplication in 4.748 seconds (JVM running for 5.719)
2022-07-27 15:59:16.702 [http-nio-8080-exec-1] INFO  o.a.c.core.ContainerBase.[Tomcat].[localhost].[/] - Initializing Spring DispatcherServlet 'dispatcherServlet'
2022-07-27 15:59:16.702 [http-nio-8080-exec-1] INFO  org.springframework.web.servlet.DispatcherServlet - Initializing Servlet 'dispatcherServlet'
2022-07-27 15:59:16.703 [http-nio-8080-exec-1] INFO  org.springframework.web.servlet.DispatcherServlet - Completed initialization in 1 ms
2022-07-27 16:04:30.120 [SpringApplicationShutdownHook] INFO  o.s.orm.jpa.LocalContainerEntityManagerFactoryBean - Closing JPA EntityManagerFactory for persistence unit 'default'
2022-07-27 16:04:30.123 [SpringApplicationShutdownHook] INFO  com.zaxxer.hikari.HikariDataSource - DataSourceHikariCP - Shutdown initiated...
2022-07-27 16:04:30.126 [SpringApplicationShutdownHook] INFO  com.zaxxer.hikari.HikariDataSource - DataSourceHikariCP - Shutdown completed.
2022-07-27 17:30:07.029 [main] INFO  com.ayu.austin.AustinApplication - Starting AustinApplication using Java 1.8.0_221 on aYuLaptop with PID 7844 (D:\austin-ayu\austin-web\target\classes started by aYu in D:\austin-ayu)
2022-07-27 17:30:07.031 [main] INFO  com.ayu.austin.AustinApplication - No active profile set, falling back to default profiles: default
2022-07-27 17:30:07.699 [main] INFO  o.s.d.r.config.RepositoryConfigurationDelegate - Bootstrapping Spring Data JPA repositories in DEFAULT mode.
2022-07-27 17:30:07.759 [main] INFO  o.s.d.r.config.RepositoryConfigurationDelegate - Finished Spring Data repository scanning in 49 ms. Found 2 JPA repository interfaces.
2022-07-27 17:30:08.286 [main] INFO  o.s.boot.web.embedded.tomcat.TomcatWebServer - Tomcat initialized with port(s): 8080 (http)
2022-07-27 17:30:08.295 [main] INFO  org.apache.coyote.http11.Http11NioProtocol - Initializing ProtocolHandler ["http-nio-8080"]
2022-07-27 17:30:08.295 [main] INFO  org.apache.catalina.core.StandardService - Starting service [Tomcat]
2022-07-27 17:30:08.295 [main] INFO  org.apache.catalina.core.StandardEngine - Starting Servlet engine: [Apache Tomcat/9.0.54]
2022-07-27 17:30:08.297 [main] INFO  org.apache.catalina.core.AprLifecycleListener - An older version [1.2.16] of the Apache Tomcat Native library is installed, while Tomcat recommends a minimum version of [1.2.30]
2022-07-27 17:30:08.297 [main] INFO  org.apache.catalina.core.AprLifecycleListener - Loaded Apache Tomcat Native library [1.2.16] using APR version [1.6.3].
2022-07-27 17:30:08.297 [main] INFO  org.apache.catalina.core.AprLifecycleListener - APR capabilities: IPv6 [true], sendfile [true], accept filters [false], random [true], UDS [false].
2022-07-27 17:30:08.297 [main] INFO  org.apache.catalina.core.AprLifecycleListener - APR/OpenSSL configuration: useAprConnector [false], useOpenSSL [true]
2022-07-27 17:30:09.346 [main] INFO  org.apache.catalina.core.AprLifecycleListener - OpenSSL successfully initialized [OpenSSL 1.0.2m  2 Nov 2017]
2022-07-27 17:30:09.432 [main] INFO  o.a.c.core.ContainerBase.[Tomcat].[localhost].[/] - Initializing Spring embedded WebApplicationContext
2022-07-27 17:30:09.432 [main] INFO  o.s.b.w.s.c.ServletWebServerApplicationContext - Root WebApplicationContext: initialization completed in 2345 ms
2022-07-27 17:30:09.567 [main] INFO  com.zaxxer.hikari.HikariDataSource - DataSourceHikariCP - Starting...
2022-07-27 17:30:09.732 [main] INFO  com.zaxxer.hikari.HikariDataSource - DataSourceHikariCP - Start completed.
2022-07-27 17:30:09.813 [main] INFO  org.hibernate.jpa.internal.util.LogHelper - HHH000204: Processing PersistenceUnitInfo [name: default]
2022-07-27 17:30:09.872 [main] INFO  org.hibernate.Version - HHH000412: Hibernate ORM core version 5.4.32.Final
2022-07-27 17:30:10.021 [main] INFO  org.hibernate.annotations.common.Version - HCANN000001: Hibernate Commons Annotations {5.1.2.Final}
2022-07-27 17:30:10.150 [main] INFO  org.hibernate.dialect.Dialect - HHH000400: Using dialect: org.hibernate.dialect.MySQL57Dialect
2022-07-27 17:30:10.680 [main] INFO  o.h.e.t.jta.platform.internal.JtaPlatformInitiator - HHH000490: Using JtaPlatform implementation: [org.hibernate.engine.transaction.jta.platform.internal.NoJtaPlatform]
2022-07-27 17:30:10.690 [main] INFO  o.s.orm.jpa.LocalContainerEntityManagerFactoryBean - Initialized JPA EntityManagerFactory for persistence unit 'default'
2022-07-27 17:30:11.909 [main] INFO  org.apache.kafka.clients.consumer.ConsumerConfig - ConsumerConfig values: 
	allow.auto.create.topics = true
	auto.commit.interval.ms = 5000
	auto.offset.reset = latest
	bootstrap.servers = [192.168.160.128:9092]
	check.crcs = true
	client.dns.lookup = use_all_dns_ips
	client.id = consumer-austinGroup1-1
	client.rack = 
	connections.max.idle.ms = 540000
	default.api.timeout.ms = 60000
	enable.auto.commit = false
	exclude.internal.topics = true
	fetch.max.bytes = 52428800
	fetch.max.wait.ms = 500
	fetch.min.bytes = 1
	group.id = austinGroup1
	group.instance.id = null
	heartbeat.interval.ms = 3000
	interceptor.classes = []
	internal.leave.group.on.close = true
	internal.throw.on.fetch.stable.offset.unsupported = false
	isolation.level = read_uncommitted
	key.deserializer = class org.apache.kafka.common.serialization.StringDeserializer
	max.partition.fetch.bytes = 1048576
	max.poll.interval.ms = 300000
	max.poll.records = 500
	metadata.max.age.ms = 300000
	metric.reporters = []
	metrics.num.samples = 2
	metrics.recording.level = INFO
	metrics.sample.window.ms = 30000
	partition.assignment.strategy = [class org.apache.kafka.clients.consumer.RangeAssignor]
	receive.buffer.bytes = 65536
	reconnect.backoff.max.ms = 1000
	reconnect.backoff.ms = 50
	request.timeout.ms = 30000
	retry.backoff.ms = 100
	sasl.client.callback.handler.class = null
	sasl.jaas.config = null
	sasl.kerberos.kinit.cmd = /usr/bin/kinit
	sasl.kerberos.min.time.before.relogin = 60000
	sasl.kerberos.service.name = null
	sasl.kerberos.ticket.renew.jitter = 0.05
	sasl.kerberos.ticket.renew.window.factor = 0.8
	sasl.login.callback.handler.class = null
	sasl.login.class = null
	sasl.login.refresh.buffer.seconds = 300
	sasl.login.refresh.min.period.seconds = 60
	sasl.login.refresh.window.factor = 0.8
	sasl.login.refresh.window.jitter = 0.05
	sasl.mechanism = GSSAPI
	security.protocol = PLAINTEXT
	security.providers = null
	send.buffer.bytes = 131072
	session.timeout.ms = 10000
	socket.connection.setup.timeout.max.ms = 127000
	socket.connection.setup.timeout.ms = 10000
	ssl.cipher.suites = null
	ssl.enabled.protocols = [TLSv1.2]
	ssl.endpoint.identification.algorithm = https
	ssl.engine.factory.class = null
	ssl.key.password = null
	ssl.keymanager.algorithm = SunX509
	ssl.keystore.certificate.chain = null
	ssl.keystore.key = null
	ssl.keystore.location = null
	ssl.keystore.password = null
	ssl.keystore.type = JKS
	ssl.protocol = TLSv1.2
	ssl.provider = null
	ssl.secure.random.implementation = null
	ssl.trustmanager.algorithm = PKIX
	ssl.truststore.certificates = null
	ssl.truststore.location = null
	ssl.truststore.password = null
	ssl.truststore.type = JKS
	value.deserializer = class org.apache.kafka.common.serialization.StringDeserializer

2022-07-27 17:30:11.981 [main] INFO  org.apache.kafka.common.utils.AppInfoParser - Kafka version: 2.7.1
2022-07-27 17:30:11.981 [main] INFO  org.apache.kafka.common.utils.AppInfoParser - Kafka commitId: 61dbce85d0d41457
2022-07-27 17:30:11.981 [main] INFO  org.apache.kafka.common.utils.AppInfoParser - Kafka startTimeMs: 1658914211979
2022-07-27 17:30:11.984 [main] INFO  org.apache.kafka.clients.consumer.KafkaConsumer - [Consumer clientId=consumer-austinGroup1-1, groupId=austinGroup1] Subscribed to topic(s): austin
2022-07-27 17:30:11.994 [main] INFO  org.apache.coyote.http11.Http11NioProtocol - Starting ProtocolHandler ["http-nio-8080"]
2022-07-27 17:30:12.179 [main] INFO  o.s.boot.web.embedded.tomcat.TomcatWebServer - Tomcat started on port(s): 8080 (http) with context path ''
2022-07-27 17:30:12.187 [main] INFO  com.ayu.austin.AustinApplication - Started AustinApplication in 5.684 seconds (JVM running for 6.806)
2022-07-27 17:30:12.645 [org.springframework.kafka.KafkaListenerEndpointContainer#0-0-C-1] INFO  org.apache.kafka.clients.Metadata - [Consumer clientId=consumer-austinGroup1-1, groupId=austinGroup1] Cluster ID: cw4Gn2Q_QKGOya8xwPP-dA
2022-07-27 17:30:13.506 [org.springframework.kafka.KafkaListenerEndpointContainer#0-0-C-1] INFO  o.a.k.c.consumer.internals.AbstractCoordinator - [Consumer clientId=consumer-austinGroup1-1, groupId=austinGroup1] Discovered group coordinator 192.168.160.128:9092 (id: 2147483647 rack: null)
2022-07-27 17:30:13.511 [org.springframework.kafka.KafkaListenerEndpointContainer#0-0-C-1] INFO  o.a.k.c.consumer.internals.AbstractCoordinator - [Consumer clientId=consumer-austinGroup1-1, groupId=austinGroup1] (Re-)joining group
2022-07-27 17:30:13.562 [org.springframework.kafka.KafkaListenerEndpointContainer#0-0-C-1] INFO  o.a.k.c.consumer.internals.AbstractCoordinator - [Consumer clientId=consumer-austinGroup1-1, groupId=austinGroup1] (Re-)joining group
2022-07-27 17:30:13.588 [org.springframework.kafka.KafkaListenerEndpointContainer#0-0-C-1] INFO  o.a.k.c.consumer.internals.AbstractCoordinator - [Consumer clientId=consumer-austinGroup1-1, groupId=austinGroup1] Successfully joined group with generation Generation{generationId=1, memberId='consumer-austinGroup1-1-ed53a229-f87a-43c6-913a-b8c6ca60a139', protocol='range'}
2022-07-27 17:30:13.591 [org.springframework.kafka.KafkaListenerEndpointContainer#0-0-C-1] INFO  o.a.k.c.consumer.internals.ConsumerCoordinator - [Consumer clientId=consumer-austinGroup1-1, groupId=austinGroup1] Finished assignment for group at generation 1: {consumer-austinGroup1-1-ed53a229-f87a-43c6-913a-b8c6ca60a139=Assignment(partitions=[austin-0])}
2022-07-27 17:30:13.702 [org.springframework.kafka.KafkaListenerEndpointContainer#0-0-C-1] INFO  o.a.k.c.consumer.internals.AbstractCoordinator - [Consumer clientId=consumer-austinGroup1-1, groupId=austinGroup1] Successfully synced group in generation Generation{generationId=1, memberId='consumer-austinGroup1-1-ed53a229-f87a-43c6-913a-b8c6ca60a139', protocol='range'}
2022-07-27 17:30:13.703 [org.springframework.kafka.KafkaListenerEndpointContainer#0-0-C-1] INFO  o.a.k.c.consumer.internals.ConsumerCoordinator - [Consumer clientId=consumer-austinGroup1-1, groupId=austinGroup1] Notifying assignor about the new Assignment(partitions=[austin-0])
2022-07-27 17:30:13.706 [org.springframework.kafka.KafkaListenerEndpointContainer#0-0-C-1] INFO  o.a.k.c.consumer.internals.ConsumerCoordinator - [Consumer clientId=consumer-austinGroup1-1, groupId=austinGroup1] Adding newly assigned partitions: austin-0
2022-07-27 17:30:13.718 [org.springframework.kafka.KafkaListenerEndpointContainer#0-0-C-1] INFO  o.a.k.c.consumer.internals.ConsumerCoordinator - [Consumer clientId=consumer-austinGroup1-1, groupId=austinGroup1] Found no committed offset for partition austin-0
2022-07-27 17:30:13.725 [org.springframework.kafka.KafkaListenerEndpointContainer#0-0-C-1] INFO  o.a.k.c.consumer.internals.ConsumerCoordinator - [Consumer clientId=consumer-austinGroup1-1, groupId=austinGroup1] Found no committed offset for partition austin-0
2022-07-27 17:30:13.744 [org.springframework.kafka.KafkaListenerEndpointContainer#0-0-C-1] INFO  o.a.k.clients.consumer.internals.SubscriptionState - [Consumer clientId=consumer-austinGroup1-1, groupId=austinGroup1] Resetting offset for partition austin-0 to position FetchPosition{offset=0, offsetEpoch=Optional.empty, currentLeader=LeaderAndEpoch{leader=Optional[192.168.160.128:9092 (id: 0 rack: null)], epoch=0}}.
2022-07-27 17:30:13.767 [org.springframework.kafka.KafkaListenerEndpointContainer#0-0-C-1] INFO  o.s.kafka.listener.KafkaMessageListenerContainer - austinGroup1: partitions assigned: [austin-0]
2022-07-27 17:31:04.054 [http-nio-8080-exec-2] INFO  o.a.c.core.ContainerBase.[Tomcat].[localhost].[/] - Initializing Spring DispatcherServlet 'dispatcherServlet'
2022-07-27 17:31:04.055 [http-nio-8080-exec-2] INFO  org.springframework.web.servlet.DispatcherServlet - Initializing Servlet 'dispatcherServlet'
2022-07-27 17:31:04.056 [http-nio-8080-exec-2] INFO  org.springframework.web.servlet.DispatcherServlet - Completed initialization in 1 ms
2022-07-27 17:31:04.163 [http-nio-8080-exec-2] INFO  org.apache.kafka.clients.producer.ProducerConfig - ProducerConfig values: 
	acks = 1
	batch.size = 16384
	bootstrap.servers = [192.168.160.128:9092]
	buffer.memory = 33554432
	client.dns.lookup = use_all_dns_ips
	client.id = producer-1
	compression.type = none
	connections.max.idle.ms = 540000
	delivery.timeout.ms = 120000
	enable.idempotence = false
	interceptor.classes = []
	internal.auto.downgrade.txn.commit = true
	key.serializer = class org.apache.kafka.common.serialization.StringSerializer
	linger.ms = 0
	max.block.ms = 60000
	max.in.flight.requests.per.connection = 5
	max.request.size = 1048576
	metadata.max.age.ms = 300000
	metadata.max.idle.ms = 300000
	metric.reporters = []
	metrics.num.samples = 2
	metrics.recording.level = INFO
	metrics.sample.window.ms = 30000
	partitioner.class = class org.apache.kafka.clients.producer.internals.DefaultPartitioner
	receive.buffer.bytes = 32768
	reconnect.backoff.max.ms = 1000
	reconnect.backoff.ms = 50
	request.timeout.ms = 30000
	retries = 2147483647
	retry.backoff.ms = 100
	sasl.client.callback.handler.class = null
	sasl.jaas.config = null
	sasl.kerberos.kinit.cmd = /usr/bin/kinit
	sasl.kerberos.min.time.before.relogin = 60000
	sasl.kerberos.service.name = null
	sasl.kerberos.ticket.renew.jitter = 0.05
	sasl.kerberos.ticket.renew.window.factor = 0.8
	sasl.login.callback.handler.class = null
	sasl.login.class = null
	sasl.login.refresh.buffer.seconds = 300
	sasl.login.refresh.min.period.seconds = 60
	sasl.login.refresh.window.factor = 0.8
	sasl.login.refresh.window.jitter = 0.05
	sasl.mechanism = GSSAPI
	security.protocol = PLAINTEXT
	security.providers = null
	send.buffer.bytes = 131072
	socket.connection.setup.timeout.max.ms = 127000
	socket.connection.setup.timeout.ms = 10000
	ssl.cipher.suites = null
	ssl.enabled.protocols = [TLSv1.2]
	ssl.endpoint.identification.algorithm = https
	ssl.engine.factory.class = null
	ssl.key.password = null
	ssl.keymanager.algorithm = SunX509
	ssl.keystore.certificate.chain = null
	ssl.keystore.key = null
	ssl.keystore.location = null
	ssl.keystore.password = null
	ssl.keystore.type = JKS
	ssl.protocol = TLSv1.2
	ssl.provider = null
	ssl.secure.random.implementation = null
	ssl.trustmanager.algorithm = PKIX
	ssl.truststore.certificates = null
	ssl.truststore.location = null
	ssl.truststore.password = null
	ssl.truststore.type = JKS
	transaction.timeout.ms = 60000
	transactional.id = null
	value.serializer = class org.apache.kafka.common.serialization.StringSerializer

2022-07-27 17:31:04.182 [http-nio-8080-exec-2] INFO  org.apache.kafka.common.utils.AppInfoParser - Kafka version: 2.7.1
2022-07-27 17:31:04.182 [http-nio-8080-exec-2] INFO  org.apache.kafka.common.utils.AppInfoParser - Kafka commitId: 61dbce85d0d41457
2022-07-27 17:31:04.182 [http-nio-8080-exec-2] INFO  org.apache.kafka.common.utils.AppInfoParser - Kafka startTimeMs: 1658914264181
2022-07-27 17:31:04.190 [kafka-producer-network-thread | producer-1] INFO  org.apache.kafka.clients.Metadata - [Producer clientId=producer-1] Cluster ID: cw4Gn2Q_QKGOya8xwPP-dA
2022-07-27 17:31:04.236 [org.springframework.kafka.KafkaListenerEndpointContainer#0-0-C-1] INFO  com.ayu.austin.kafkatest.UserLogConsumer - >>>>>>>>>> record =Optional[{"state":"0","userid":"12345","username":"ayu"}]
2022-07-27 17:31:45.847 [org.springframework.kafka.KafkaListenerEndpointContainer#0-0-C-1] INFO  o.a.k.c.consumer.internals.ConsumerCoordinator - [Consumer clientId=consumer-austinGroup1-1, groupId=austinGroup1] Revoke previously assigned partitions austin-0
2022-07-27 17:31:45.847 [org.springframework.kafka.KafkaListenerEndpointContainer#0-0-C-1] INFO  o.s.kafka.listener.KafkaMessageListenerContainer - austinGroup1: partitions revoked: [austin-0]
2022-07-27 17:31:45.847 [org.springframework.kafka.KafkaListenerEndpointContainer#0-0-C-1] INFO  o.a.k.c.consumer.internals.AbstractCoordinator - [Consumer clientId=consumer-austinGroup1-1, groupId=austinGroup1] Member consumer-austinGroup1-1-ed53a229-f87a-43c6-913a-b8c6ca60a139 sending LeaveGroup request to coordinator 192.168.160.128:9092 (id: 2147483647 rack: null) due to the consumer unsubscribed from all topics
2022-07-27 17:31:45.851 [org.springframework.kafka.KafkaListenerEndpointContainer#0-0-C-1] INFO  org.apache.kafka.clients.consumer.KafkaConsumer - [Consumer clientId=consumer-austinGroup1-1, groupId=austinGroup1] Unsubscribed all topics or patterns and assigned partitions
2022-07-27 17:31:45.860 [org.springframework.kafka.KafkaListenerEndpointContainer#0-0-C-1] INFO  org.apache.kafka.common.metrics.Metrics - Metrics scheduler closed
2022-07-27 17:31:45.861 [org.springframework.kafka.KafkaListenerEndpointContainer#0-0-C-1] INFO  org.apache.kafka.common.metrics.Metrics - Closing reporter org.apache.kafka.common.metrics.JmxReporter
2022-07-27 17:31:45.861 [org.springframework.kafka.KafkaListenerEndpointContainer#0-0-C-1] INFO  org.apache.kafka.common.metrics.Metrics - Metrics reporters closed
2022-07-27 17:31:45.864 [org.springframework.kafka.KafkaListenerEndpointContainer#0-0-C-1] INFO  org.apache.kafka.common.utils.AppInfoParser - App info kafka.consumer for consumer-austinGroup1-1 unregistered
2022-07-27 17:31:45.864 [org.springframework.kafka.KafkaListenerEndpointContainer#0-0-C-1] INFO  o.s.k.l.KafkaMessageListenerContainer$ListenerConsumer - austinGroup1: Consumer stopped
2022-07-27 17:31:45.867 [SpringApplicationShutdownHook] INFO  org.apache.kafka.clients.producer.KafkaProducer - [Producer clientId=producer-1] Closing the Kafka producer with timeoutMillis = 30000 ms.
2022-07-27 17:31:45.869 [SpringApplicationShutdownHook] INFO  org.apache.kafka.common.metrics.Metrics - Metrics scheduler closed
2022-07-27 17:31:45.869 [SpringApplicationShutdownHook] INFO  org.apache.kafka.common.metrics.Metrics - Closing reporter org.apache.kafka.common.metrics.JmxReporter
2022-07-27 17:31:45.870 [SpringApplicationShutdownHook] INFO  org.apache.kafka.common.metrics.Metrics - Metrics reporters closed
2022-07-27 17:31:45.870 [SpringApplicationShutdownHook] INFO  org.apache.kafka.common.utils.AppInfoParser - App info kafka.producer for producer-1 unregistered
2022-07-27 17:31:45.871 [SpringApplicationShutdownHook] INFO  o.s.orm.jpa.LocalContainerEntityManagerFactoryBean - Closing JPA EntityManagerFactory for persistence unit 'default'
2022-07-27 17:31:45.873 [SpringApplicationShutdownHook] INFO  com.zaxxer.hikari.HikariDataSource - DataSourceHikariCP - Shutdown initiated...
2022-07-27 17:31:45.875 [SpringApplicationShutdownHook] INFO  com.zaxxer.hikari.HikariDataSource - DataSourceHikariCP - Shutdown completed.
2022-07-27 21:35:32.751 [main] INFO  com.ayu.austin.AustinApplication - Starting AustinApplication using Java 1.8.0_221 on aYuLaptop with PID 14556 (D:\austin-ayu\austin-web\target\classes started by aYu in D:\austin-ayu)
2022-07-27 21:35:32.754 [main] INFO  com.ayu.austin.AustinApplication - No active profile set, falling back to default profiles: default
2022-07-27 21:35:33.454 [main] INFO  o.s.d.r.config.RepositoryConfigurationDelegate - Bootstrapping Spring Data JPA repositories in DEFAULT mode.
2022-07-27 21:35:33.517 [main] INFO  o.s.d.r.config.RepositoryConfigurationDelegate - Finished Spring Data repository scanning in 52 ms. Found 2 JPA repository interfaces.
2022-07-27 21:35:34.154 [main] INFO  o.s.boot.web.embedded.tomcat.TomcatWebServer - Tomcat initialized with port(s): 8080 (http)
2022-07-27 21:35:34.164 [main] INFO  org.apache.coyote.http11.Http11NioProtocol - Initializing ProtocolHandler ["http-nio-8080"]
2022-07-27 21:35:34.164 [main] INFO  org.apache.catalina.core.StandardService - Starting service [Tomcat]
2022-07-27 21:35:34.164 [main] INFO  org.apache.catalina.core.StandardEngine - Starting Servlet engine: [Apache Tomcat/9.0.54]
2022-07-27 21:35:34.166 [main] INFO  org.apache.catalina.core.AprLifecycleListener - An older version [1.2.16] of the Apache Tomcat Native library is installed, while Tomcat recommends a minimum version of [1.2.30]
2022-07-27 21:35:34.166 [main] INFO  org.apache.catalina.core.AprLifecycleListener - Loaded Apache Tomcat Native library [1.2.16] using APR version [1.6.3].
2022-07-27 21:35:34.166 [main] INFO  org.apache.catalina.core.AprLifecycleListener - APR capabilities: IPv6 [true], sendfile [true], accept filters [false], random [true], UDS [false].
2022-07-27 21:35:34.166 [main] INFO  org.apache.catalina.core.AprLifecycleListener - APR/OpenSSL configuration: useAprConnector [false], useOpenSSL [true]
2022-07-27 21:35:35.206 [main] INFO  org.apache.catalina.core.AprLifecycleListener - OpenSSL successfully initialized [OpenSSL 1.0.2m  2 Nov 2017]
2022-07-27 21:35:35.317 [main] INFO  o.a.c.core.ContainerBase.[Tomcat].[localhost].[/] - Initializing Spring embedded WebApplicationContext
2022-07-27 21:35:35.318 [main] INFO  o.s.b.w.s.c.ServletWebServerApplicationContext - Root WebApplicationContext: initialization completed in 2514 ms
2022-07-27 21:35:35.455 [main] INFO  com.zaxxer.hikari.HikariDataSource - DataSourceHikariCP - Starting...
2022-07-27 21:35:35.612 [main] INFO  com.zaxxer.hikari.HikariDataSource - DataSourceHikariCP - Start completed.
2022-07-27 21:35:35.699 [main] INFO  org.hibernate.jpa.internal.util.LogHelper - HHH000204: Processing PersistenceUnitInfo [name: default]
2022-07-27 21:35:35.759 [main] INFO  org.hibernate.Version - HHH000412: Hibernate ORM core version 5.4.32.Final
2022-07-27 21:35:35.911 [main] INFO  org.hibernate.annotations.common.Version - HCANN000001: Hibernate Commons Annotations {5.1.2.Final}
2022-07-27 21:35:36.040 [main] INFO  org.hibernate.dialect.Dialect - HHH000400: Using dialect: org.hibernate.dialect.MySQL57Dialect
2022-07-27 21:35:36.686 [main] INFO  o.h.e.t.jta.platform.internal.JtaPlatformInitiator - HHH000490: Using JtaPlatform implementation: [org.hibernate.engine.transaction.jta.platform.internal.NoJtaPlatform]
2022-07-27 21:35:36.696 [main] INFO  o.s.orm.jpa.LocalContainerEntityManagerFactoryBean - Initialized JPA EntityManagerFactory for persistence unit 'default'
2022-07-27 21:35:38.008 [main] INFO  org.apache.kafka.clients.consumer.ConsumerConfig - ConsumerConfig values: 
	allow.auto.create.topics = true
	auto.commit.interval.ms = 5000
	auto.offset.reset = latest
	bootstrap.servers = [192.168.160.128:9092]
	check.crcs = true
	client.dns.lookup = use_all_dns_ips
	client.id = consumer-austinGroup1-1
	client.rack = 
	connections.max.idle.ms = 540000
	default.api.timeout.ms = 60000
	enable.auto.commit = false
	exclude.internal.topics = true
	fetch.max.bytes = 52428800
	fetch.max.wait.ms = 500
	fetch.min.bytes = 1
	group.id = austinGroup1
	group.instance.id = null
	heartbeat.interval.ms = 3000
	interceptor.classes = []
	internal.leave.group.on.close = true
	internal.throw.on.fetch.stable.offset.unsupported = false
	isolation.level = read_uncommitted
	key.deserializer = class org.apache.kafka.common.serialization.StringDeserializer
	max.partition.fetch.bytes = 1048576
	max.poll.interval.ms = 300000
	max.poll.records = 500
	metadata.max.age.ms = 300000
	metric.reporters = []
	metrics.num.samples = 2
	metrics.recording.level = INFO
	metrics.sample.window.ms = 30000
	partition.assignment.strategy = [class org.apache.kafka.clients.consumer.RangeAssignor]
	receive.buffer.bytes = 65536
	reconnect.backoff.max.ms = 1000
	reconnect.backoff.ms = 50
	request.timeout.ms = 30000
	retry.backoff.ms = 100
	sasl.client.callback.handler.class = null
	sasl.jaas.config = null
	sasl.kerberos.kinit.cmd = /usr/bin/kinit
	sasl.kerberos.min.time.before.relogin = 60000
	sasl.kerberos.service.name = null
	sasl.kerberos.ticket.renew.jitter = 0.05
	sasl.kerberos.ticket.renew.window.factor = 0.8
	sasl.login.callback.handler.class = null
	sasl.login.class = null
	sasl.login.refresh.buffer.seconds = 300
	sasl.login.refresh.min.period.seconds = 60
	sasl.login.refresh.window.factor = 0.8
	sasl.login.refresh.window.jitter = 0.05
	sasl.mechanism = GSSAPI
	security.protocol = PLAINTEXT
	security.providers = null
	send.buffer.bytes = 131072
	session.timeout.ms = 10000
	socket.connection.setup.timeout.max.ms = 127000
	socket.connection.setup.timeout.ms = 10000
	ssl.cipher.suites = null
	ssl.enabled.protocols = [TLSv1.2]
	ssl.endpoint.identification.algorithm = https
	ssl.engine.factory.class = null
	ssl.key.password = null
	ssl.keymanager.algorithm = SunX509
	ssl.keystore.certificate.chain = null
	ssl.keystore.key = null
	ssl.keystore.location = null
	ssl.keystore.password = null
	ssl.keystore.type = JKS
	ssl.protocol = TLSv1.2
	ssl.provider = null
	ssl.secure.random.implementation = null
	ssl.trustmanager.algorithm = PKIX
	ssl.truststore.certificates = null
	ssl.truststore.location = null
	ssl.truststore.password = null
	ssl.truststore.type = JKS
	value.deserializer = class org.apache.kafka.common.serialization.StringDeserializer

2022-07-27 21:35:38.078 [main] INFO  org.apache.kafka.common.utils.AppInfoParser - Kafka version: 2.7.1
2022-07-27 21:35:38.078 [main] INFO  org.apache.kafka.common.utils.AppInfoParser - Kafka commitId: 61dbce85d0d41457
2022-07-27 21:35:38.078 [main] INFO  org.apache.kafka.common.utils.AppInfoParser - Kafka startTimeMs: 1658928938076
2022-07-27 21:35:38.081 [main] INFO  org.apache.kafka.clients.consumer.KafkaConsumer - [Consumer clientId=consumer-austinGroup1-1, groupId=austinGroup1] Subscribed to topic(s): austin
2022-07-27 21:35:38.091 [main] INFO  org.apache.kafka.clients.consumer.ConsumerConfig - ConsumerConfig values: 
	allow.auto.create.topics = true
	auto.commit.interval.ms = 5000
	auto.offset.reset = latest
	bootstrap.servers = [192.168.160.128:9092]
	check.crcs = true
	client.dns.lookup = use_all_dns_ips
	client.id = consumer-sms-2
	client.rack = 
	connections.max.idle.ms = 540000
	default.api.timeout.ms = 60000
	enable.auto.commit = false
	exclude.internal.topics = true
	fetch.max.bytes = 52428800
	fetch.max.wait.ms = 500
	fetch.min.bytes = 1
	group.id = sms
	group.instance.id = null
	heartbeat.interval.ms = 3000
	interceptor.classes = []
	internal.leave.group.on.close = true
	internal.throw.on.fetch.stable.offset.unsupported = false
	isolation.level = read_uncommitted
	key.deserializer = class org.apache.kafka.common.serialization.StringDeserializer
	max.partition.fetch.bytes = 1048576
	max.poll.interval.ms = 300000
	max.poll.records = 500
	metadata.max.age.ms = 300000
	metric.reporters = []
	metrics.num.samples = 2
	metrics.recording.level = INFO
	metrics.sample.window.ms = 30000
	partition.assignment.strategy = [class org.apache.kafka.clients.consumer.RangeAssignor]
	receive.buffer.bytes = 65536
	reconnect.backoff.max.ms = 1000
	reconnect.backoff.ms = 50
	request.timeout.ms = 30000
	retry.backoff.ms = 100
	sasl.client.callback.handler.class = null
	sasl.jaas.config = null
	sasl.kerberos.kinit.cmd = /usr/bin/kinit
	sasl.kerberos.min.time.before.relogin = 60000
	sasl.kerberos.service.name = null
	sasl.kerberos.ticket.renew.jitter = 0.05
	sasl.kerberos.ticket.renew.window.factor = 0.8
	sasl.login.callback.handler.class = null
	sasl.login.class = null
	sasl.login.refresh.buffer.seconds = 300
	sasl.login.refresh.min.period.seconds = 60
	sasl.login.refresh.window.factor = 0.8
	sasl.login.refresh.window.jitter = 0.05
	sasl.mechanism = GSSAPI
	security.protocol = PLAINTEXT
	security.providers = null
	send.buffer.bytes = 131072
	session.timeout.ms = 10000
	socket.connection.setup.timeout.max.ms = 127000
	socket.connection.setup.timeout.ms = 10000
	ssl.cipher.suites = null
	ssl.enabled.protocols = [TLSv1.2]
	ssl.endpoint.identification.algorithm = https
	ssl.engine.factory.class = null
	ssl.key.password = null
	ssl.keymanager.algorithm = SunX509
	ssl.keystore.certificate.chain = null
	ssl.keystore.key = null
	ssl.keystore.location = null
	ssl.keystore.password = null
	ssl.keystore.type = JKS
	ssl.protocol = TLSv1.2
	ssl.provider = null
	ssl.secure.random.implementation = null
	ssl.trustmanager.algorithm = PKIX
	ssl.truststore.certificates = null
	ssl.truststore.location = null
	ssl.truststore.password = null
	ssl.truststore.type = JKS
	value.deserializer = class org.apache.kafka.common.serialization.StringDeserializer

2022-07-27 21:35:38.098 [main] INFO  org.apache.kafka.common.utils.AppInfoParser - Kafka version: 2.7.1
2022-07-27 21:35:38.098 [main] INFO  org.apache.kafka.common.utils.AppInfoParser - Kafka commitId: 61dbce85d0d41457
2022-07-27 21:35:38.098 [main] INFO  org.apache.kafka.common.utils.AppInfoParser - Kafka startTimeMs: 1658928938098
2022-07-27 21:35:38.099 [main] INFO  org.apache.kafka.clients.consumer.KafkaConsumer - [Consumer clientId=consumer-sms-2, groupId=sms] Subscribed to topic(s): austin
2022-07-27 21:35:38.100 [main] INFO  org.apache.coyote.http11.Http11NioProtocol - Starting ProtocolHandler ["http-nio-8080"]
2022-07-27 21:35:38.123 [main] INFO  o.s.boot.web.embedded.tomcat.TomcatWebServer - Tomcat started on port(s): 8080 (http) with context path ''
2022-07-27 21:35:38.275 [main] INFO  com.ayu.austin.AustinApplication - Started AustinApplication in 6.095 seconds (JVM running for 7.169)
2022-07-27 21:35:38.584 [org.springframework.kafka.KafkaListenerEndpointContainer#0-0-C-1] INFO  org.apache.kafka.clients.Metadata - [Consumer clientId=consumer-austinGroup1-1, groupId=austinGroup1] Cluster ID: cw4Gn2Q_QKGOya8xwPP-dA
2022-07-27 21:35:38.584 [org.springframework.kafka.KafkaListenerEndpointContainer#1-0-C-1] INFO  org.apache.kafka.clients.Metadata - [Consumer clientId=consumer-sms-2, groupId=sms] Cluster ID: cw4Gn2Q_QKGOya8xwPP-dA
2022-07-27 21:35:38.585 [org.springframework.kafka.KafkaListenerEndpointContainer#0-0-C-1] INFO  o.a.k.c.consumer.internals.AbstractCoordinator - [Consumer clientId=consumer-austinGroup1-1, groupId=austinGroup1] Discovered group coordinator 192.168.160.128:9092 (id: 2147483647 rack: null)
2022-07-27 21:35:38.585 [org.springframework.kafka.KafkaListenerEndpointContainer#1-0-C-1] INFO  o.a.k.c.consumer.internals.AbstractCoordinator - [Consumer clientId=consumer-sms-2, groupId=sms] Discovered group coordinator 192.168.160.128:9092 (id: 2147483647 rack: null)
2022-07-27 21:35:38.588 [org.springframework.kafka.KafkaListenerEndpointContainer#0-0-C-1] INFO  o.a.k.c.consumer.internals.AbstractCoordinator - [Consumer clientId=consumer-austinGroup1-1, groupId=austinGroup1] (Re-)joining group
2022-07-27 21:35:38.588 [org.springframework.kafka.KafkaListenerEndpointContainer#1-0-C-1] INFO  o.a.k.c.consumer.internals.AbstractCoordinator - [Consumer clientId=consumer-sms-2, groupId=sms] (Re-)joining group
2022-07-27 21:35:38.606 [org.springframework.kafka.KafkaListenerEndpointContainer#0-0-C-1] INFO  o.a.k.c.consumer.internals.AbstractCoordinator - [Consumer clientId=consumer-austinGroup1-1, groupId=austinGroup1] (Re-)joining group
2022-07-27 21:35:38.606 [org.springframework.kafka.KafkaListenerEndpointContainer#1-0-C-1] INFO  o.a.k.c.consumer.internals.AbstractCoordinator - [Consumer clientId=consumer-sms-2, groupId=sms] (Re-)joining group
2022-07-27 21:35:38.613 [org.springframework.kafka.KafkaListenerEndpointContainer#1-0-C-1] INFO  o.a.k.c.consumer.internals.AbstractCoordinator - [Consumer clientId=consumer-sms-2, groupId=sms] Successfully joined group with generation Generation{generationId=1, memberId='consumer-sms-2-6b069c7b-09b3-4c5b-9a9e-13958ff5ec7f', protocol='range'}
2022-07-27 21:35:38.615 [org.springframework.kafka.KafkaListenerEndpointContainer#0-0-C-1] INFO  o.a.k.c.consumer.internals.AbstractCoordinator - [Consumer clientId=consumer-austinGroup1-1, groupId=austinGroup1] Successfully joined group with generation Generation{generationId=3, memberId='consumer-austinGroup1-1-05fd9f3f-1313-4b4c-a1f2-404cb7cb3b66', protocol='range'}
2022-07-27 21:35:38.615 [org.springframework.kafka.KafkaListenerEndpointContainer#1-0-C-1] INFO  o.a.k.c.consumer.internals.ConsumerCoordinator - [Consumer clientId=consumer-sms-2, groupId=sms] Finished assignment for group at generation 1: {consumer-sms-2-6b069c7b-09b3-4c5b-9a9e-13958ff5ec7f=Assignment(partitions=[austin-0])}
2022-07-27 21:35:38.616 [org.springframework.kafka.KafkaListenerEndpointContainer#0-0-C-1] INFO  o.a.k.c.consumer.internals.ConsumerCoordinator - [Consumer clientId=consumer-austinGroup1-1, groupId=austinGroup1] Finished assignment for group at generation 3: {consumer-austinGroup1-1-05fd9f3f-1313-4b4c-a1f2-404cb7cb3b66=Assignment(partitions=[austin-0])}
2022-07-27 21:35:38.630 [org.springframework.kafka.KafkaListenerEndpointContainer#0-0-C-1] INFO  o.a.k.c.consumer.internals.AbstractCoordinator - [Consumer clientId=consumer-austinGroup1-1, groupId=austinGroup1] Successfully synced group in generation Generation{generationId=3, memberId='consumer-austinGroup1-1-05fd9f3f-1313-4b4c-a1f2-404cb7cb3b66', protocol='range'}
2022-07-27 21:35:38.630 [org.springframework.kafka.KafkaListenerEndpointContainer#1-0-C-1] INFO  o.a.k.c.consumer.internals.AbstractCoordinator - [Consumer clientId=consumer-sms-2, groupId=sms] Successfully synced group in generation Generation{generationId=1, memberId='consumer-sms-2-6b069c7b-09b3-4c5b-9a9e-13958ff5ec7f', protocol='range'}
2022-07-27 21:35:38.631 [org.springframework.kafka.KafkaListenerEndpointContainer#0-0-C-1] INFO  o.a.k.c.consumer.internals.ConsumerCoordinator - [Consumer clientId=consumer-austinGroup1-1, groupId=austinGroup1] Notifying assignor about the new Assignment(partitions=[austin-0])
2022-07-27 21:35:38.631 [org.springframework.kafka.KafkaListenerEndpointContainer#1-0-C-1] INFO  o.a.k.c.consumer.internals.ConsumerCoordinator - [Consumer clientId=consumer-sms-2, groupId=sms] Notifying assignor about the new Assignment(partitions=[austin-0])
2022-07-27 21:35:38.633 [org.springframework.kafka.KafkaListenerEndpointContainer#0-0-C-1] INFO  o.a.k.c.consumer.internals.ConsumerCoordinator - [Consumer clientId=consumer-austinGroup1-1, groupId=austinGroup1] Adding newly assigned partitions: austin-0
2022-07-27 21:35:38.633 [org.springframework.kafka.KafkaListenerEndpointContainer#1-0-C-1] INFO  o.a.k.c.consumer.internals.ConsumerCoordinator - [Consumer clientId=consumer-sms-2, groupId=sms] Adding newly assigned partitions: austin-0
2022-07-27 21:35:38.639 [org.springframework.kafka.KafkaListenerEndpointContainer#1-0-C-1] INFO  o.a.k.c.consumer.internals.ConsumerCoordinator - [Consumer clientId=consumer-sms-2, groupId=sms] Found no committed offset for partition austin-0
2022-07-27 21:35:38.645 [org.springframework.kafka.KafkaListenerEndpointContainer#1-0-C-1] INFO  o.a.k.c.consumer.internals.ConsumerCoordinator - [Consumer clientId=consumer-sms-2, groupId=sms] Found no committed offset for partition austin-0
2022-07-27 21:35:38.646 [org.springframework.kafka.KafkaListenerEndpointContainer#0-0-C-1] INFO  o.a.k.c.consumer.internals.ConsumerCoordinator - [Consumer clientId=consumer-austinGroup1-1, groupId=austinGroup1] Setting offset for partition austin-0 to the committed offset FetchPosition{offset=1, offsetEpoch=Optional.empty, currentLeader=LeaderAndEpoch{leader=Optional[192.168.160.128:9092 (id: 0 rack: null)], epoch=0}}
2022-07-27 21:35:38.647 [org.springframework.kafka.KafkaListenerEndpointContainer#0-0-C-1] INFO  o.s.kafka.listener.KafkaMessageListenerContainer - austinGroup1: partitions assigned: [austin-0]
2022-07-27 21:35:38.659 [org.springframework.kafka.KafkaListenerEndpointContainer#1-0-C-1] INFO  o.a.k.clients.consumer.internals.SubscriptionState - [Consumer clientId=consumer-sms-2, groupId=sms] Resetting offset for partition austin-0 to position FetchPosition{offset=1, offsetEpoch=Optional.empty, currentLeader=LeaderAndEpoch{leader=Optional[192.168.160.128:9092 (id: 0 rack: null)], epoch=0}}.
2022-07-27 21:35:38.667 [org.springframework.kafka.KafkaListenerEndpointContainer#1-0-C-1] INFO  o.s.kafka.listener.KafkaMessageListenerContainer - sms: partitions assigned: [austin-0]
2022-07-27 21:36:27.283 [http-nio-8080-exec-2] INFO  o.a.c.core.ContainerBase.[Tomcat].[localhost].[/] - Initializing Spring DispatcherServlet 'dispatcherServlet'
2022-07-27 21:36:27.283 [http-nio-8080-exec-2] INFO  org.springframework.web.servlet.DispatcherServlet - Initializing Servlet 'dispatcherServlet'
2022-07-27 21:36:27.284 [http-nio-8080-exec-2] INFO  org.springframework.web.servlet.DispatcherServlet - Completed initialization in 1 ms
2022-07-27 21:51:23.531 [org.springframework.kafka.KafkaListenerEndpointContainer#1-0-C-1] INFO  o.a.k.c.consumer.internals.ConsumerCoordinator - [Consumer clientId=consumer-sms-2, groupId=sms] Revoke previously assigned partitions austin-0
2022-07-27 21:51:23.531 [org.springframework.kafka.KafkaListenerEndpointContainer#0-0-C-1] INFO  o.a.k.c.consumer.internals.ConsumerCoordinator - [Consumer clientId=consumer-austinGroup1-1, groupId=austinGroup1] Revoke previously assigned partitions austin-0
2022-07-27 21:51:23.531 [org.springframework.kafka.KafkaListenerEndpointContainer#1-0-C-1] INFO  o.s.kafka.listener.KafkaMessageListenerContainer - sms: partitions revoked: [austin-0]
2022-07-27 21:51:23.531 [org.springframework.kafka.KafkaListenerEndpointContainer#0-0-C-1] INFO  o.s.kafka.listener.KafkaMessageListenerContainer - austinGroup1: partitions revoked: [austin-0]
2022-07-27 21:51:23.531 [org.springframework.kafka.KafkaListenerEndpointContainer#0-0-C-1] INFO  o.a.k.c.consumer.internals.AbstractCoordinator - [Consumer clientId=consumer-austinGroup1-1, groupId=austinGroup1] Member consumer-austinGroup1-1-05fd9f3f-1313-4b4c-a1f2-404cb7cb3b66 sending LeaveGroup request to coordinator 192.168.160.128:9092 (id: 2147483647 rack: null) due to the consumer unsubscribed from all topics
2022-07-27 21:51:23.532 [org.springframework.kafka.KafkaListenerEndpointContainer#1-0-C-1] INFO  o.a.k.c.consumer.internals.AbstractCoordinator - [Consumer clientId=consumer-sms-2, groupId=sms] Member consumer-sms-2-6b069c7b-09b3-4c5b-9a9e-13958ff5ec7f sending LeaveGroup request to coordinator 192.168.160.128:9092 (id: 2147483647 rack: null) due to the consumer unsubscribed from all topics
2022-07-27 21:51:23.539 [org.springframework.kafka.KafkaListenerEndpointContainer#0-0-C-1] INFO  org.apache.kafka.clients.consumer.KafkaConsumer - [Consumer clientId=consumer-austinGroup1-1, groupId=austinGroup1] Unsubscribed all topics or patterns and assigned partitions
2022-07-27 21:51:23.539 [org.springframework.kafka.KafkaListenerEndpointContainer#1-0-C-1] INFO  org.apache.kafka.clients.consumer.KafkaConsumer - [Consumer clientId=consumer-sms-2, groupId=sms] Unsubscribed all topics or patterns and assigned partitions
2022-07-27 21:51:23.543 [org.springframework.kafka.KafkaListenerEndpointContainer#1-0-C-1] INFO  org.apache.kafka.common.metrics.Metrics - Metrics scheduler closed
2022-07-27 21:51:23.543 [org.springframework.kafka.KafkaListenerEndpointContainer#1-0-C-1] INFO  org.apache.kafka.common.metrics.Metrics - Closing reporter org.apache.kafka.common.metrics.JmxReporter
2022-07-27 21:51:23.544 [org.springframework.kafka.KafkaListenerEndpointContainer#1-0-C-1] INFO  org.apache.kafka.common.metrics.Metrics - Metrics reporters closed
2022-07-27 21:51:23.545 [org.springframework.kafka.KafkaListenerEndpointContainer#0-0-C-1] INFO  org.apache.kafka.common.metrics.Metrics - Metrics scheduler closed
2022-07-27 21:51:23.545 [org.springframework.kafka.KafkaListenerEndpointContainer#0-0-C-1] INFO  org.apache.kafka.common.metrics.Metrics - Closing reporter org.apache.kafka.common.metrics.JmxReporter
2022-07-27 21:51:23.545 [org.springframework.kafka.KafkaListenerEndpointContainer#0-0-C-1] INFO  org.apache.kafka.common.metrics.Metrics - Metrics reporters closed
2022-07-27 21:51:23.549 [org.springframework.kafka.KafkaListenerEndpointContainer#0-0-C-1] INFO  org.apache.kafka.common.utils.AppInfoParser - App info kafka.consumer for consumer-austinGroup1-1 unregistered
2022-07-27 21:51:23.549 [org.springframework.kafka.KafkaListenerEndpointContainer#1-0-C-1] INFO  org.apache.kafka.common.utils.AppInfoParser - App info kafka.consumer for consumer-sms-2 unregistered
2022-07-27 21:51:23.549 [org.springframework.kafka.KafkaListenerEndpointContainer#0-0-C-1] INFO  o.s.k.l.KafkaMessageListenerContainer$ListenerConsumer - austinGroup1: Consumer stopped
2022-07-27 21:51:23.549 [org.springframework.kafka.KafkaListenerEndpointContainer#1-0-C-1] INFO  o.s.k.l.KafkaMessageListenerContainer$ListenerConsumer - sms: Consumer stopped
2022-07-27 21:51:23.553 [SpringApplicationShutdownHook] INFO  o.s.orm.jpa.LocalContainerEntityManagerFactoryBean - Closing JPA EntityManagerFactory for persistence unit 'default'
2022-07-27 21:51:23.555 [SpringApplicationShutdownHook] INFO  com.zaxxer.hikari.HikariDataSource - DataSourceHikariCP - Shutdown initiated...
2022-07-27 21:51:23.561 [SpringApplicationShutdownHook] INFO  com.zaxxer.hikari.HikariDataSource - DataSourceHikariCP - Shutdown completed.
2022-07-27 21:51:31.022 [main] INFO  com.ayu.austin.AustinApplication - Starting AustinApplication using Java 1.8.0_221 on aYuLaptop with PID 12460 (D:\austin-ayu\austin-web\target\classes started by aYu in D:\austin-ayu)
2022-07-27 21:51:31.025 [main] INFO  com.ayu.austin.AustinApplication - No active profile set, falling back to default profiles: default
2022-07-27 21:51:31.881 [main] INFO  o.s.d.r.config.RepositoryConfigurationDelegate - Bootstrapping Spring Data JPA repositories in DEFAULT mode.
2022-07-27 21:51:31.945 [main] INFO  o.s.d.r.config.RepositoryConfigurationDelegate - Finished Spring Data repository scanning in 54 ms. Found 2 JPA repository interfaces.
2022-07-27 21:51:32.586 [main] INFO  o.s.boot.web.embedded.tomcat.TomcatWebServer - Tomcat initialized with port(s): 8080 (http)
2022-07-27 21:51:32.597 [main] INFO  org.apache.coyote.http11.Http11NioProtocol - Initializing ProtocolHandler ["http-nio-8080"]
2022-07-27 21:51:32.599 [main] INFO  org.apache.catalina.core.StandardService - Starting service [Tomcat]
2022-07-27 21:51:32.599 [main] INFO  org.apache.catalina.core.StandardEngine - Starting Servlet engine: [Apache Tomcat/9.0.54]
2022-07-27 21:51:32.603 [main] INFO  org.apache.catalina.core.AprLifecycleListener - An older version [1.2.16] of the Apache Tomcat Native library is installed, while Tomcat recommends a minimum version of [1.2.30]
2022-07-27 21:51:32.603 [main] INFO  org.apache.catalina.core.AprLifecycleListener - Loaded Apache Tomcat Native library [1.2.16] using APR version [1.6.3].
2022-07-27 21:51:32.604 [main] INFO  org.apache.catalina.core.AprLifecycleListener - APR capabilities: IPv6 [true], sendfile [true], accept filters [false], random [true], UDS [false].
2022-07-27 21:51:32.605 [main] INFO  org.apache.catalina.core.AprLifecycleListener - APR/OpenSSL configuration: useAprConnector [false], useOpenSSL [true]
2022-07-27 21:51:33.678 [main] INFO  org.apache.catalina.core.AprLifecycleListener - OpenSSL successfully initialized [OpenSSL 1.0.2m  2 Nov 2017]
2022-07-27 21:51:33.774 [main] INFO  o.a.c.core.ContainerBase.[Tomcat].[localhost].[/] - Initializing Spring embedded WebApplicationContext
2022-07-27 21:51:33.774 [main] INFO  o.s.b.w.s.c.ServletWebServerApplicationContext - Root WebApplicationContext: initialization completed in 2702 ms
2022-07-27 21:51:34.028 [main] INFO  com.zaxxer.hikari.HikariDataSource - DataSourceHikariCP - Starting...
2022-07-27 21:51:34.229 [main] INFO  com.zaxxer.hikari.HikariDataSource - DataSourceHikariCP - Start completed.
2022-07-27 21:51:34.330 [main] INFO  org.hibernate.jpa.internal.util.LogHelper - HHH000204: Processing PersistenceUnitInfo [name: default]
2022-07-27 21:51:34.382 [main] INFO  org.hibernate.Version - HHH000412: Hibernate ORM core version 5.4.32.Final
2022-07-27 21:51:34.543 [main] INFO  org.hibernate.annotations.common.Version - HCANN000001: Hibernate Commons Annotations {5.1.2.Final}
2022-07-27 21:51:34.650 [main] INFO  org.hibernate.dialect.Dialect - HHH000400: Using dialect: org.hibernate.dialect.MySQL57Dialect
2022-07-27 21:51:35.135 [main] INFO  o.h.e.t.jta.platform.internal.JtaPlatformInitiator - HHH000490: Using JtaPlatform implementation: [org.hibernate.engine.transaction.jta.platform.internal.NoJtaPlatform]
2022-07-27 21:51:35.144 [main] INFO  o.s.orm.jpa.LocalContainerEntityManagerFactoryBean - Initialized JPA EntityManagerFactory for persistence unit 'default'
2022-07-27 21:51:36.439 [main] INFO  org.apache.kafka.clients.consumer.ConsumerConfig - ConsumerConfig values: 
	allow.auto.create.topics = true
	auto.commit.interval.ms = 5000
	auto.offset.reset = latest
	bootstrap.servers = [192.168.160.128:9092]
	check.crcs = true
	client.dns.lookup = use_all_dns_ips
	client.id = consumer-austinGroup1-1
	client.rack = 
	connections.max.idle.ms = 540000
	default.api.timeout.ms = 60000
	enable.auto.commit = false
	exclude.internal.topics = true
	fetch.max.bytes = 52428800
	fetch.max.wait.ms = 500
	fetch.min.bytes = 1
	group.id = austinGroup1
	group.instance.id = null
	heartbeat.interval.ms = 3000
	interceptor.classes = []
	internal.leave.group.on.close = true
	internal.throw.on.fetch.stable.offset.unsupported = false
	isolation.level = read_uncommitted
	key.deserializer = class org.apache.kafka.common.serialization.StringDeserializer
	max.partition.fetch.bytes = 1048576
	max.poll.interval.ms = 300000
	max.poll.records = 500
	metadata.max.age.ms = 300000
	metric.reporters = []
	metrics.num.samples = 2
	metrics.recording.level = INFO
	metrics.sample.window.ms = 30000
	partition.assignment.strategy = [class org.apache.kafka.clients.consumer.RangeAssignor]
	receive.buffer.bytes = 65536
	reconnect.backoff.max.ms = 1000
	reconnect.backoff.ms = 50
	request.timeout.ms = 30000
	retry.backoff.ms = 100
	sasl.client.callback.handler.class = null
	sasl.jaas.config = null
	sasl.kerberos.kinit.cmd = /usr/bin/kinit
	sasl.kerberos.min.time.before.relogin = 60000
	sasl.kerberos.service.name = null
	sasl.kerberos.ticket.renew.jitter = 0.05
	sasl.kerberos.ticket.renew.window.factor = 0.8
	sasl.login.callback.handler.class = null
	sasl.login.class = null
	sasl.login.refresh.buffer.seconds = 300
	sasl.login.refresh.min.period.seconds = 60
	sasl.login.refresh.window.factor = 0.8
	sasl.login.refresh.window.jitter = 0.05
	sasl.mechanism = GSSAPI
	security.protocol = PLAINTEXT
	security.providers = null
	send.buffer.bytes = 131072
	session.timeout.ms = 10000
	socket.connection.setup.timeout.max.ms = 127000
	socket.connection.setup.timeout.ms = 10000
	ssl.cipher.suites = null
	ssl.enabled.protocols = [TLSv1.2]
	ssl.endpoint.identification.algorithm = https
	ssl.engine.factory.class = null
	ssl.key.password = null
	ssl.keymanager.algorithm = SunX509
	ssl.keystore.certificate.chain = null
	ssl.keystore.key = null
	ssl.keystore.location = null
	ssl.keystore.password = null
	ssl.keystore.type = JKS
	ssl.protocol = TLSv1.2
	ssl.provider = null
	ssl.secure.random.implementation = null
	ssl.trustmanager.algorithm = PKIX
	ssl.truststore.certificates = null
	ssl.truststore.location = null
	ssl.truststore.password = null
	ssl.truststore.type = JKS
	value.deserializer = class org.apache.kafka.common.serialization.StringDeserializer

2022-07-27 21:51:36.518 [main] INFO  org.apache.kafka.common.utils.AppInfoParser - Kafka version: 2.7.1
2022-07-27 21:51:36.518 [main] INFO  org.apache.kafka.common.utils.AppInfoParser - Kafka commitId: 61dbce85d0d41457
2022-07-27 21:51:36.518 [main] INFO  org.apache.kafka.common.utils.AppInfoParser - Kafka startTimeMs: 1658929896517
2022-07-27 21:51:36.521 [main] INFO  org.apache.kafka.clients.consumer.KafkaConsumer - [Consumer clientId=consumer-austinGroup1-1, groupId=austinGroup1] Subscribed to topic(s): austin
2022-07-27 21:51:36.533 [main] INFO  org.apache.kafka.clients.consumer.ConsumerConfig - ConsumerConfig values: 
	allow.auto.create.topics = true
	auto.commit.interval.ms = 5000
	auto.offset.reset = latest
	bootstrap.servers = [192.168.160.128:9092]
	check.crcs = true
	client.dns.lookup = use_all_dns_ips
	client.id = consumer-sms-2
	client.rack = 
	connections.max.idle.ms = 540000
	default.api.timeout.ms = 60000
	enable.auto.commit = false
	exclude.internal.topics = true
	fetch.max.bytes = 52428800
	fetch.max.wait.ms = 500
	fetch.min.bytes = 1
	group.id = sms
	group.instance.id = null
	heartbeat.interval.ms = 3000
	interceptor.classes = []
	internal.leave.group.on.close = true
	internal.throw.on.fetch.stable.offset.unsupported = false
	isolation.level = read_uncommitted
	key.deserializer = class org.apache.kafka.common.serialization.StringDeserializer
	max.partition.fetch.bytes = 1048576
	max.poll.interval.ms = 300000
	max.poll.records = 500
	metadata.max.age.ms = 300000
	metric.reporters = []
	metrics.num.samples = 2
	metrics.recording.level = INFO
	metrics.sample.window.ms = 30000
	partition.assignment.strategy = [class org.apache.kafka.clients.consumer.RangeAssignor]
	receive.buffer.bytes = 65536
	reconnect.backoff.max.ms = 1000
	reconnect.backoff.ms = 50
	request.timeout.ms = 30000
	retry.backoff.ms = 100
	sasl.client.callback.handler.class = null
	sasl.jaas.config = null
	sasl.kerberos.kinit.cmd = /usr/bin/kinit
	sasl.kerberos.min.time.before.relogin = 60000
	sasl.kerberos.service.name = null
	sasl.kerberos.ticket.renew.jitter = 0.05
	sasl.kerberos.ticket.renew.window.factor = 0.8
	sasl.login.callback.handler.class = null
	sasl.login.class = null
	sasl.login.refresh.buffer.seconds = 300
	sasl.login.refresh.min.period.seconds = 60
	sasl.login.refresh.window.factor = 0.8
	sasl.login.refresh.window.jitter = 0.05
	sasl.mechanism = GSSAPI
	security.protocol = PLAINTEXT
	security.providers = null
	send.buffer.bytes = 131072
	session.timeout.ms = 10000
	socket.connection.setup.timeout.max.ms = 127000
	socket.connection.setup.timeout.ms = 10000
	ssl.cipher.suites = null
	ssl.enabled.protocols = [TLSv1.2]
	ssl.endpoint.identification.algorithm = https
	ssl.engine.factory.class = null
	ssl.key.password = null
	ssl.keymanager.algorithm = SunX509
	ssl.keystore.certificate.chain = null
	ssl.keystore.key = null
	ssl.keystore.location = null
	ssl.keystore.password = null
	ssl.keystore.type = JKS
	ssl.protocol = TLSv1.2
	ssl.provider = null
	ssl.secure.random.implementation = null
	ssl.trustmanager.algorithm = PKIX
	ssl.truststore.certificates = null
	ssl.truststore.location = null
	ssl.truststore.password = null
	ssl.truststore.type = JKS
	value.deserializer = class org.apache.kafka.common.serialization.StringDeserializer

2022-07-27 21:51:36.741 [main] INFO  org.apache.kafka.common.utils.AppInfoParser - Kafka version: 2.7.1
2022-07-27 21:51:36.742 [main] INFO  org.apache.kafka.common.utils.AppInfoParser - Kafka commitId: 61dbce85d0d41457
2022-07-27 21:51:36.742 [main] INFO  org.apache.kafka.common.utils.AppInfoParser - Kafka startTimeMs: 1658929896741
2022-07-27 21:51:36.742 [main] INFO  org.apache.kafka.clients.consumer.KafkaConsumer - [Consumer clientId=consumer-sms-2, groupId=sms] Subscribed to topic(s): austin
2022-07-27 21:51:36.743 [main] INFO  org.apache.coyote.http11.Http11NioProtocol - Starting ProtocolHandler ["http-nio-8080"]
2022-07-27 21:51:36.758 [main] INFO  o.s.boot.web.embedded.tomcat.TomcatWebServer - Tomcat started on port(s): 8080 (http) with context path ''
2022-07-27 21:51:36.768 [main] INFO  com.ayu.austin.AustinApplication - Started AustinApplication in 6.354 seconds (JVM running for 7.526)
2022-07-27 21:51:37.053 [org.springframework.kafka.KafkaListenerEndpointContainer#1-0-C-1] INFO  org.apache.kafka.clients.Metadata - [Consumer clientId=consumer-sms-2, groupId=sms] Cluster ID: cw4Gn2Q_QKGOya8xwPP-dA
2022-07-27 21:51:37.053 [org.springframework.kafka.KafkaListenerEndpointContainer#0-0-C-1] INFO  org.apache.kafka.clients.Metadata - [Consumer clientId=consumer-austinGroup1-1, groupId=austinGroup1] Cluster ID: cw4Gn2Q_QKGOya8xwPP-dA
2022-07-27 21:51:37.055 [org.springframework.kafka.KafkaListenerEndpointContainer#0-0-C-1] INFO  o.a.k.c.consumer.internals.AbstractCoordinator - [Consumer clientId=consumer-austinGroup1-1, groupId=austinGroup1] Discovered group coordinator 192.168.160.128:9092 (id: 2147483647 rack: null)
2022-07-27 21:51:37.055 [org.springframework.kafka.KafkaListenerEndpointContainer#1-0-C-1] INFO  o.a.k.c.consumer.internals.AbstractCoordinator - [Consumer clientId=consumer-sms-2, groupId=sms] Discovered group coordinator 192.168.160.128:9092 (id: 2147483647 rack: null)
2022-07-27 21:51:37.059 [org.springframework.kafka.KafkaListenerEndpointContainer#0-0-C-1] INFO  o.a.k.c.consumer.internals.AbstractCoordinator - [Consumer clientId=consumer-austinGroup1-1, groupId=austinGroup1] (Re-)joining group
2022-07-27 21:51:37.059 [org.springframework.kafka.KafkaListenerEndpointContainer#1-0-C-1] INFO  o.a.k.c.consumer.internals.AbstractCoordinator - [Consumer clientId=consumer-sms-2, groupId=sms] (Re-)joining group
2022-07-27 21:51:37.079 [org.springframework.kafka.KafkaListenerEndpointContainer#1-0-C-1] INFO  o.a.k.c.consumer.internals.AbstractCoordinator - [Consumer clientId=consumer-sms-2, groupId=sms] (Re-)joining group
2022-07-27 21:51:37.079 [org.springframework.kafka.KafkaListenerEndpointContainer#0-0-C-1] INFO  o.a.k.c.consumer.internals.AbstractCoordinator - [Consumer clientId=consumer-austinGroup1-1, groupId=austinGroup1] (Re-)joining group
2022-07-27 21:51:37.084 [org.springframework.kafka.KafkaListenerEndpointContainer#1-0-C-1] INFO  o.a.k.c.consumer.internals.AbstractCoordinator - [Consumer clientId=consumer-sms-2, groupId=sms] Successfully joined group with generation Generation{generationId=3, memberId='consumer-sms-2-bbeeb438-6363-4cb0-a882-4d5f3e34a5ca', protocol='range'}
2022-07-27 21:51:37.087 [org.springframework.kafka.KafkaListenerEndpointContainer#0-0-C-1] INFO  o.a.k.c.consumer.internals.AbstractCoordinator - [Consumer clientId=consumer-austinGroup1-1, groupId=austinGroup1] Successfully joined group with generation Generation{generationId=5, memberId='consumer-austinGroup1-1-ec2576a6-1647-4839-ad22-8e196da614cc', protocol='range'}
2022-07-27 21:51:37.088 [org.springframework.kafka.KafkaListenerEndpointContainer#1-0-C-1] INFO  o.a.k.c.consumer.internals.ConsumerCoordinator - [Consumer clientId=consumer-sms-2, groupId=sms] Finished assignment for group at generation 3: {consumer-sms-2-bbeeb438-6363-4cb0-a882-4d5f3e34a5ca=Assignment(partitions=[austin-0])}
2022-07-27 21:51:37.088 [org.springframework.kafka.KafkaListenerEndpointContainer#0-0-C-1] INFO  o.a.k.c.consumer.internals.ConsumerCoordinator - [Consumer clientId=consumer-austinGroup1-1, groupId=austinGroup1] Finished assignment for group at generation 5: {consumer-austinGroup1-1-ec2576a6-1647-4839-ad22-8e196da614cc=Assignment(partitions=[austin-0])}
2022-07-27 21:51:37.102 [org.springframework.kafka.KafkaListenerEndpointContainer#0-0-C-1] INFO  o.a.k.c.consumer.internals.AbstractCoordinator - [Consumer clientId=consumer-austinGroup1-1, groupId=austinGroup1] Successfully synced group in generation Generation{generationId=5, memberId='consumer-austinGroup1-1-ec2576a6-1647-4839-ad22-8e196da614cc', protocol='range'}
2022-07-27 21:51:37.102 [org.springframework.kafka.KafkaListenerEndpointContainer#0-0-C-1] INFO  o.a.k.c.consumer.internals.ConsumerCoordinator - [Consumer clientId=consumer-austinGroup1-1, groupId=austinGroup1] Notifying assignor about the new Assignment(partitions=[austin-0])
2022-07-27 21:51:37.102 [org.springframework.kafka.KafkaListenerEndpointContainer#1-0-C-1] INFO  o.a.k.c.consumer.internals.AbstractCoordinator - [Consumer clientId=consumer-sms-2, groupId=sms] Successfully synced group in generation Generation{generationId=3, memberId='consumer-sms-2-bbeeb438-6363-4cb0-a882-4d5f3e34a5ca', protocol='range'}
2022-07-27 21:51:37.103 [org.springframework.kafka.KafkaListenerEndpointContainer#1-0-C-1] INFO  o.a.k.c.consumer.internals.ConsumerCoordinator - [Consumer clientId=consumer-sms-2, groupId=sms] Notifying assignor about the new Assignment(partitions=[austin-0])
2022-07-27 21:51:37.105 [org.springframework.kafka.KafkaListenerEndpointContainer#1-0-C-1] INFO  o.a.k.c.consumer.internals.ConsumerCoordinator - [Consumer clientId=consumer-sms-2, groupId=sms] Adding newly assigned partitions: austin-0
2022-07-27 21:51:37.105 [org.springframework.kafka.KafkaListenerEndpointContainer#0-0-C-1] INFO  o.a.k.c.consumer.internals.ConsumerCoordinator - [Consumer clientId=consumer-austinGroup1-1, groupId=austinGroup1] Adding newly assigned partitions: austin-0
2022-07-27 21:51:37.121 [org.springframework.kafka.KafkaListenerEndpointContainer#0-0-C-1] INFO  o.a.k.c.consumer.internals.ConsumerCoordinator - [Consumer clientId=consumer-austinGroup1-1, groupId=austinGroup1] Setting offset for partition austin-0 to the committed offset FetchPosition{offset=1, offsetEpoch=Optional.empty, currentLeader=LeaderAndEpoch{leader=Optional[192.168.160.128:9092 (id: 0 rack: null)], epoch=0}}
2022-07-27 21:51:37.121 [org.springframework.kafka.KafkaListenerEndpointContainer#1-0-C-1] INFO  o.a.k.c.consumer.internals.ConsumerCoordinator - [Consumer clientId=consumer-sms-2, groupId=sms] Setting offset for partition austin-0 to the committed offset FetchPosition{offset=1, offsetEpoch=Optional.empty, currentLeader=LeaderAndEpoch{leader=Optional[192.168.160.128:9092 (id: 0 rack: null)], epoch=0}}
2022-07-27 21:51:37.122 [org.springframework.kafka.KafkaListenerEndpointContainer#1-0-C-1] INFO  o.s.kafka.listener.KafkaMessageListenerContainer - sms: partitions assigned: [austin-0]
2022-07-27 21:51:37.122 [org.springframework.kafka.KafkaListenerEndpointContainer#0-0-C-1] INFO  o.s.kafka.listener.KafkaMessageListenerContainer - austinGroup1: partitions assigned: [austin-0]
2022-07-27 21:52:41.731 [http-nio-8080-exec-2] INFO  o.a.c.core.ContainerBase.[Tomcat].[localhost].[/] - Initializing Spring DispatcherServlet 'dispatcherServlet'
2022-07-27 21:52:41.731 [http-nio-8080-exec-2] INFO  org.springframework.web.servlet.DispatcherServlet - Initializing Servlet 'dispatcherServlet'
2022-07-27 21:52:41.732 [http-nio-8080-exec-2] INFO  org.springframework.web.servlet.DispatcherServlet - Completed initialization in 1 ms
2022-07-27 21:53:06.689 [http-nio-8080-exec-4] INFO  org.apache.kafka.clients.producer.ProducerConfig - ProducerConfig values: 
	acks = 1
	batch.size = 16384
	bootstrap.servers = [192.168.160.128:9092]
	buffer.memory = 33554432
	client.dns.lookup = use_all_dns_ips
	client.id = producer-1
	compression.type = none
	connections.max.idle.ms = 540000
	delivery.timeout.ms = 120000
	enable.idempotence = false
	interceptor.classes = []
	internal.auto.downgrade.txn.commit = true
	key.serializer = class org.apache.kafka.common.serialization.StringSerializer
	linger.ms = 0
	max.block.ms = 60000
	max.in.flight.requests.per.connection = 5
	max.request.size = 1048576
	metadata.max.age.ms = 300000
	metadata.max.idle.ms = 300000
	metric.reporters = []
	metrics.num.samples = 2
	metrics.recording.level = INFO
	metrics.sample.window.ms = 30000
	partitioner.class = class org.apache.kafka.clients.producer.internals.DefaultPartitioner
	receive.buffer.bytes = 32768
	reconnect.backoff.max.ms = 1000
	reconnect.backoff.ms = 50
	request.timeout.ms = 30000
	retries = 2147483647
	retry.backoff.ms = 100
	sasl.client.callback.handler.class = null
	sasl.jaas.config = null
	sasl.kerberos.kinit.cmd = /usr/bin/kinit
	sasl.kerberos.min.time.before.relogin = 60000
	sasl.kerberos.service.name = null
	sasl.kerberos.ticket.renew.jitter = 0.05
	sasl.kerberos.ticket.renew.window.factor = 0.8
	sasl.login.callback.handler.class = null
	sasl.login.class = null
	sasl.login.refresh.buffer.seconds = 300
	sasl.login.refresh.min.period.seconds = 60
	sasl.login.refresh.window.factor = 0.8
	sasl.login.refresh.window.jitter = 0.05
	sasl.mechanism = GSSAPI
	security.protocol = PLAINTEXT
	security.providers = null
	send.buffer.bytes = 131072
	socket.connection.setup.timeout.max.ms = 127000
	socket.connection.setup.timeout.ms = 10000
	ssl.cipher.suites = null
	ssl.enabled.protocols = [TLSv1.2]
	ssl.endpoint.identification.algorithm = https
	ssl.engine.factory.class = null
	ssl.key.password = null
	ssl.keymanager.algorithm = SunX509
	ssl.keystore.certificate.chain = null
	ssl.keystore.key = null
	ssl.keystore.location = null
	ssl.keystore.password = null
	ssl.keystore.type = JKS
	ssl.protocol = TLSv1.2
	ssl.provider = null
	ssl.secure.random.implementation = null
	ssl.trustmanager.algorithm = PKIX
	ssl.truststore.certificates = null
	ssl.truststore.location = null
	ssl.truststore.password = null
	ssl.truststore.type = JKS
	transaction.timeout.ms = 60000
	transactional.id = null
	value.serializer = class org.apache.kafka.common.serialization.StringSerializer

2022-07-27 21:53:06.705 [http-nio-8080-exec-4] INFO  org.apache.kafka.common.utils.AppInfoParser - Kafka version: 2.7.1
2022-07-27 21:53:06.706 [http-nio-8080-exec-4] INFO  org.apache.kafka.common.utils.AppInfoParser - Kafka commitId: 61dbce85d0d41457
2022-07-27 21:53:06.706 [http-nio-8080-exec-4] INFO  org.apache.kafka.common.utils.AppInfoParser - Kafka startTimeMs: 1658929986705
2022-07-27 21:53:06.712 [kafka-producer-network-thread | producer-1] INFO  org.apache.kafka.clients.Metadata - [Producer clientId=producer-1] Cluster ID: cw4Gn2Q_QKGOya8xwPP-dA
2022-07-27 21:53:06.741 [org.springframework.kafka.KafkaListenerEndpointContainer#0-0-C-1] INFO  com.ayu.austin.kafkatest.UserLogConsumer - >>>>>>>>>> record =Optional[[{"@type":"com.ayu.austin.domain.TaskInfo","businessId":1000000120220727,"contentModel":{"@type":"com.ayu.austin.dto.SmsContentModel","content":"6666"},"deduplicationTime":1,"idType":30,"isNightShield":0,"messageTemplateId":1,"msgType":30,"receiver":Set["13303939613"],"sendAccount":66,"sendChannel":30,"templateType":10}]]
2022-07-27 21:53:07.317 [org.springframework.kafka.KafkaListenerEndpointContainer#1-0-C-1] INFO  com.ayu.austin.receiver.Receiver - receiver message:[{"businessId":1000000120220727,"contentModel":{"content":"6666"},"deduplicationTime":1,"idType":30,"isNightShield":0,"messageTemplateId":1,"msgType":30,"receiver":["13303939613"],"sendAccount":66,"sendChannel":30,"templateType":10}]
2022-07-27 22:02:45.896 [org.springframework.kafka.KafkaListenerEndpointContainer#1-0-C-1] INFO  o.a.k.c.consumer.internals.ConsumerCoordinator - [Consumer clientId=consumer-sms-2, groupId=sms] Revoke previously assigned partitions austin-0
2022-07-27 22:02:45.896 [org.springframework.kafka.KafkaListenerEndpointContainer#0-0-C-1] INFO  o.a.k.c.consumer.internals.ConsumerCoordinator - [Consumer clientId=consumer-austinGroup1-1, groupId=austinGroup1] Revoke previously assigned partitions austin-0
2022-07-27 22:02:45.896 [org.springframework.kafka.KafkaListenerEndpointContainer#1-0-C-1] INFO  o.s.kafka.listener.KafkaMessageListenerContainer - sms: partitions revoked: [austin-0]
2022-07-27 22:02:45.896 [org.springframework.kafka.KafkaListenerEndpointContainer#0-0-C-1] INFO  o.s.kafka.listener.KafkaMessageListenerContainer - austinGroup1: partitions revoked: [austin-0]
2022-07-27 22:02:45.897 [org.springframework.kafka.KafkaListenerEndpointContainer#0-0-C-1] INFO  o.a.k.c.consumer.internals.AbstractCoordinator - [Consumer clientId=consumer-austinGroup1-1, groupId=austinGroup1] Member consumer-austinGroup1-1-ec2576a6-1647-4839-ad22-8e196da614cc sending LeaveGroup request to coordinator 192.168.160.128:9092 (id: 2147483647 rack: null) due to the consumer unsubscribed from all topics
2022-07-27 22:02:45.897 [org.springframework.kafka.KafkaListenerEndpointContainer#1-0-C-1] INFO  o.a.k.c.consumer.internals.AbstractCoordinator - [Consumer clientId=consumer-sms-2, groupId=sms] Member consumer-sms-2-bbeeb438-6363-4cb0-a882-4d5f3e34a5ca sending LeaveGroup request to coordinator 192.168.160.128:9092 (id: 2147483647 rack: null) due to the consumer unsubscribed from all topics
2022-07-27 22:02:45.898 [org.springframework.kafka.KafkaListenerEndpointContainer#1-0-C-1] INFO  org.apache.kafka.clients.consumer.KafkaConsumer - [Consumer clientId=consumer-sms-2, groupId=sms] Unsubscribed all topics or patterns and assigned partitions
2022-07-27 22:02:45.898 [org.springframework.kafka.KafkaListenerEndpointContainer#0-0-C-1] INFO  org.apache.kafka.clients.consumer.KafkaConsumer - [Consumer clientId=consumer-austinGroup1-1, groupId=austinGroup1] Unsubscribed all topics or patterns and assigned partitions
2022-07-27 22:02:45.907 [org.springframework.kafka.KafkaListenerEndpointContainer#0-0-C-1] INFO  org.apache.kafka.common.metrics.Metrics - Metrics scheduler closed
2022-07-27 22:02:45.907 [org.springframework.kafka.KafkaListenerEndpointContainer#1-0-C-1] INFO  org.apache.kafka.common.metrics.Metrics - Metrics scheduler closed
2022-07-27 22:02:45.907 [org.springframework.kafka.KafkaListenerEndpointContainer#1-0-C-1] INFO  org.apache.kafka.common.metrics.Metrics - Closing reporter org.apache.kafka.common.metrics.JmxReporter
2022-07-27 22:02:45.907 [org.springframework.kafka.KafkaListenerEndpointContainer#0-0-C-1] INFO  org.apache.kafka.common.metrics.Metrics - Closing reporter org.apache.kafka.common.metrics.JmxReporter
2022-07-27 22:02:45.907 [org.springframework.kafka.KafkaListenerEndpointContainer#1-0-C-1] INFO  org.apache.kafka.common.metrics.Metrics - Metrics reporters closed
2022-07-27 22:02:45.907 [org.springframework.kafka.KafkaListenerEndpointContainer#0-0-C-1] INFO  org.apache.kafka.common.metrics.Metrics - Metrics reporters closed
2022-07-27 22:02:45.912 [org.springframework.kafka.KafkaListenerEndpointContainer#1-0-C-1] INFO  org.apache.kafka.common.utils.AppInfoParser - App info kafka.consumer for consumer-sms-2 unregistered
2022-07-27 22:02:45.912 [org.springframework.kafka.KafkaListenerEndpointContainer#1-0-C-1] INFO  o.s.k.l.KafkaMessageListenerContainer$ListenerConsumer - sms: Consumer stopped
2022-07-27 22:02:45.916 [org.springframework.kafka.KafkaListenerEndpointContainer#0-0-C-1] INFO  org.apache.kafka.common.utils.AppInfoParser - App info kafka.consumer for consumer-austinGroup1-1 unregistered
2022-07-27 22:02:45.917 [org.springframework.kafka.KafkaListenerEndpointContainer#0-0-C-1] INFO  o.s.k.l.KafkaMessageListenerContainer$ListenerConsumer - austinGroup1: Consumer stopped
2022-07-27 22:02:45.936 [SpringApplicationShutdownHook] INFO  org.apache.kafka.clients.producer.KafkaProducer - [Producer clientId=producer-1] Closing the Kafka producer with timeoutMillis = 30000 ms.
2022-07-27 22:02:45.939 [SpringApplicationShutdownHook] INFO  org.apache.kafka.common.metrics.Metrics - Metrics scheduler closed
2022-07-27 22:02:45.939 [SpringApplicationShutdownHook] INFO  org.apache.kafka.common.metrics.Metrics - Closing reporter org.apache.kafka.common.metrics.JmxReporter
2022-07-27 22:02:45.940 [SpringApplicationShutdownHook] INFO  org.apache.kafka.common.metrics.Metrics - Metrics reporters closed
2022-07-27 22:02:45.940 [SpringApplicationShutdownHook] INFO  org.apache.kafka.common.utils.AppInfoParser - App info kafka.producer for producer-1 unregistered
2022-07-27 22:02:45.941 [SpringApplicationShutdownHook] INFO  o.s.orm.jpa.LocalContainerEntityManagerFactoryBean - Closing JPA EntityManagerFactory for persistence unit 'default'
2022-07-27 22:02:45.944 [SpringApplicationShutdownHook] INFO  com.zaxxer.hikari.HikariDataSource - DataSourceHikariCP - Shutdown initiated...
2022-07-27 22:02:45.950 [SpringApplicationShutdownHook] INFO  com.zaxxer.hikari.HikariDataSource - DataSourceHikariCP - Shutdown completed.
